Mon 28 Jul 2025 20:44:39 AEST: Starting daily post generation
Mon 28 Jul 2025 20:44:39 AEST: Generating new blog post...
Mon 28 Jul 2025 20:46:50 AEST: API Response: {"success":true,"filename":"a-recent-discovery-or-learning-experience-in-reactjavascript.md","slug":"a-recent-discovery-or-learning-experience-in-reactjavascript","url":"/posts/a-recent-discovery-or-learning-experience-in-reactjavascript","preview":"Title: Discovering React Hooks: A Game-Changer for State Management\n\nDate: 2025-07-28\nTags: React, JavaScript\nExcerpt: Exploring the power of React hooks and how they revolutionized state management i..."}
Mon 28 Jul 2025 20:46:50 AEST: Committing and pushing new post...
Mon 28 Jul 2025 20:46:51 AEST: Successfully pushed to GitHub
Mon 28 Jul 2025 20:46:51 AEST: Daily post generation complete!
Mon 28 Jul 2025 21:00:23 AEST: Starting daily post generation
Mon 28 Jul 2025 21:00:23 AEST: Generating new blog post...
Mon 28 Jul 2025 21:01:50 AEST: API Response: {"success":true,"filename":"a-recent-discovery-in-reactjavascript-development.md","slug":"a-recent-discovery-in-reactjavascript-development","url":"/posts/a-recent-discovery-in-reactjavascript-development","preview":"---\ntitle: \"A Recent Discovery in React/JavaScript Development\"\ndate: \"2025-07-28\"\ntags: [\"react\", \"javascript\"]\nexcerpt: \"In this post, I share a recent discovery and learning experience in React/Jav..."}
Mon 28 Jul 2025 21:01:50 AEST: Committing and pushing new post...
Mon 28 Jul 2025 21:01:51 AEST: Successfully pushed to GitHub
Mon 28 Jul 2025 21:01:51 AEST: Daily post generation complete!
Tue 29 Jul 2025 04:00:01 AEST: Starting daily post generation
Tue 29 Jul 2025 04:00:01 AEST: Generating new blog post...
Tue 29 Jul 2025 04:01:39 AEST: API Response: {"success":true,"filename":"discovering-reacts-useeffect-hook.md","slug":"discovering-reacts-useeffect-hook","url":"/posts/discovering-reacts-useeffect-hook","preview":"---\ntitle: \"Discovering React's UseEffect Hook\"\ndate: \"2025-07-28\"\ntags: [\"react\", \"javascript\"]\nexcerpt: \"Exploring the UseEffect hook and its potential for improving performance in React application..."}
Tue 29 Jul 2025 04:01:39 AEST: Committing and pushing new post...
Tue 29 Jul 2025 04:01:40 AEST: Successfully pushed to GitHub
Tue 29 Jul 2025 04:01:40 AEST: Daily post generation complete!
Wed 30 Jul 2025 04:00:01 AEST: Starting daily post generation
Wed 30 Jul 2025 04:00:01 AEST: Generating new blog post...
Wed 30 Jul 2025 04:02:18 AEST: API Response: {"success":true,"filename":"why-javascripts-event-loop-works-the-way-it-does.md","slug":"why-javascripts-event-loop-works-the-way-it-does","url":"/posts/why-javascripts-event-loop-works-the-way-it-does","preview":"---\ntitle: \"Why JavaScript's Event Loop Works the Way It Does\"\ndate: \"2025-07-29\"\ntags: [\"javascript\", \"internals\", \"deepdive\"]\nexcerpt: \"Understanding the deeper mechanics behind JavaScript's event l..."}
Wed 30 Jul 2025 04:02:18 AEST: Committing and pushing new post...
Wed 30 Jul 2025 04:02:20 AEST: Successfully pushed to GitHub
Wed 30 Jul 2025 04:02:20 AEST: Daily post generation complete!
Wed 06 Aug 2025 21:36:57 AEST: Starting daily post generation
Wed 06 Aug 2025 21:36:57 AEST: Generating new blog post...
Wed 06 Aug 2025 21:40:20 AEST: API Response: {"success":true,"filename":"why-javascripts-event-loop-mechanics-work-the-way-they-do.md","slug":"why-javascripts-event-loop-mechanics-work-the-way-they-do","url":"/posts/why-javascripts-event-loop-mechanics-work-the-way-they-do","preview":"---\ntitle: \"Why JavaScript's Event Loop Mechanics Work the Way They Do\"\ndate: \"2025-08-06\"\ntags: [\"javascript\", \"internals\", \"deepdive\"]\nexcerpt: \"Understanding the deeper mechanics behind event loop ..."}
Wed 06 Aug 2025 21:40:20 AEST: Daily post generation complete!
Wed 06 Aug 2025 21:44:15 AEST: Starting daily post generation
Wed 06 Aug 2025 21:44:15 AEST: Generating daily blog post...
Wed 06 Aug 2025 21:47:03 AEST: API Response: {"success":true,"filename":"why-javascripts-event-loop-mechanics-work-the-way-they-do.md","slug":"why-javascripts-event-loop-mechanics-work-the-way-they-do","url":"/posts/why-javascripts-event-loop-mechanics-work-the-way-they-do","preview":"---\ntitle: \"Why JavaScript's Event Loop Mechanics Work the Way They Do\"\ndate: \"2025-08-06\"\ntags: [\"javascript\", \"internals\", \"deepdive\"]\nexcerpt: \"Understanding the deeper mechanics behind event loop ..."}
Wed 06 Aug 2025 21:47:03 AEST: Daily post generation complete!
Wed 06 Aug 2025 21:59:39 AEST: Starting daily post generation
Wed 06 Aug 2025 21:59:39 AEST: Generating new blog post...
Wed 06 Aug 2025 22:03:49 AEST: API Response: {"success":true,"filename":"why-reacts-useeffect-hook-works-the-way-it-does.md","slug":"why-reacts-useeffect-hook-works-the-way-it-does","url":"/posts/why-reacts-useeffect-hook-works-the-way-it-does","preview":"---\ntitle: \"Why React's useEffect Hook Works the Way It Does\"\ndate: \"2025-08-06\"\ntags: [\"javascript\", \"react\", \"internals\"]\nexcerpt: \"Understanding the deeper mechanics behind React's useEffect hook t..."}
Wed 06 Aug 2025 22:03:49 AEST: Daily post generation complete!
Wed 06 Aug 2025 22:04:16 AEST: Starting daily post generation
Wed 06 Aug 2025 22:04:16 AEST: Generating new blog post...
Wed 06 Aug 2025 22:07:27 AEST: API Response: {"success":true,"filename":"why-the-event-loop-in-javascript-works-the-way-it-does.md","slug":"why-the-event-loop-in-javascript-works-the-way-it-does","url":"/posts/why-the-event-loop-in-javascript-works-the-way-it-does","preview":"---\ntitle: \"Why the Event Loop in JavaScript Works the Way It Does\"\ndate: \"2025-08-06\"\ntags: [\"javascript\", \"internals\", \"deepdive\"]\nexcerpt: \"Understanding the deeper mechanics behind the event loop ..."}
Wed 06 Aug 2025 22:07:27 AEST: Daily post generation complete!
Wed 06 Aug 2025 22:07:43 AEST: Starting daily post generation
Wed 06 Aug 2025 22:07:43 AEST: Generating new blog post...
Wed 06 Aug 2025 22:12:11 AEST: API Response: {"success":true,"filename":"why-javascripts-event-loop-works-the-way-it-does.md","slug":"why-javascripts-event-loop-works-the-way-it-does","url":"/posts/why-javascripts-event-loop-works-the-way-it-does","preview":"---\n\ntitle: \"Why JavaScript's Event Loop Works the Way It Does\"\ndate: \"2025-08-06\"\ntags: [\"javascript\", \"internals\", \"deepdive\"]\nexcerpt: \"Understanding the deeper mechanics behind the event loop that..."}
Wed 06 Aug 2025 22:12:11 AEST: Daily post generation complete!
Thu 07 Aug 2025 21:00:01 AEST: Starting daily post generation
Thu 07 Aug 2025 21:00:01 AEST: Starting Next.js app...
Thu 07 Aug 2025 21:00:21 AEST: Generating new blog post...
Thu 07 Aug 2025 21:00:21 AEST: API Response: 
Thu 07 Aug 2025 21:00:21 AEST: Daily post generation complete!
Fri 08 Aug 2025 21:00:01 AEST: Starting daily post generation
Fri 08 Aug 2025 21:00:01 AEST: Starting Next.js app...
Fri 08 Aug 2025 21:00:21 AEST: Generating new blog post...
Fri 08 Aug 2025 21:00:21 AEST: API Response: 
Fri 08 Aug 2025 21:00:21 AEST: Daily post generation complete!
Fri 08 Aug 2025 21:36:56 AEST: Starting daily post generation
Fri 08 Aug 2025 21:36:56 AEST: Starting Next.js app...
Fri 08 Aug 2025 21:37:16 AEST: Generating new blog post...
Fri 08 Aug 2025 21:42:16 AEST: API Response: 
Fri 08 Aug 2025 21:42:16 AEST: Daily post generation complete!
Sat 09 Aug 2025 21:00:01 AEST: Starting daily post generation
Sat 09 Aug 2025 21:00:01 AEST: Starting Next.js app...
Sat 09 Aug 2025 21:00:21 AEST: Generating new blog post...
Sat 09 Aug 2025 21:00:21 AEST: API Response: 
Sat 09 Aug 2025 21:00:21 AEST: Daily post generation complete!
Sun 10 Aug 2025 21:00:01 AEST: Starting daily post generation
Sun 10 Aug 2025 21:00:01 AEST: Starting Next.js app...
Sun 10 Aug 2025 21:00:21 AEST: Generating new blog post...
Sun 10 Aug 2025 21:00:21 AEST: API Response: 
Sun 10 Aug 2025 21:00:21 AEST: Daily post generation complete!
Mon 11 Aug 2025 21:00:01 AEST: Starting daily post generation
Mon 11 Aug 2025 21:00:01 AEST: Starting Next.js app...
Mon 11 Aug 2025 21:00:21 AEST: Generating new blog post...
Mon 11 Aug 2025 21:00:21 AEST: API Response: 
Mon 11 Aug 2025 21:00:21 AEST: Daily post generation complete!
Tue 12 Aug 2025 21:00:01 AEST: Starting daily post generation
Tue 12 Aug 2025 21:00:01 AEST: Starting Next.js app...
Tue 12 Aug 2025 21:00:21 AEST: Generating new blog post...
Tue 12 Aug 2025 21:00:21 AEST: API Response: 
Tue 12 Aug 2025 21:00:21 AEST: Daily post generation complete!
Tue 12 Aug 2025 23:11:55 AEST: Starting daily post generation
Tue 12 Aug 2025 23:11:55 AEST: Starting Next.js app...
Tue 12 Aug 2025 23:12:15 AEST: Generating new blog post...
Tue 12 Aug 2025 23:16:50 AEST: API Response: {"success":true,"filename":"why-css-specificity-works-the-way-it-does.md","slug":"why-css-specificity-works-the-way-it-does","url":"/posts/why-css-specificity-works-the-way-it-does","preview":"---\ntitle: \"Why CSS Specificity Works the Way It Does\"\ndate: \"2025-08-12\"\ntags: [\"css\", \"internals\", \"deepdive\"]\nexcerpt: \"Understanding the deeper mechanics behind CSS specificity that most developer..."}
Tue 12 Aug 2025 23:16:50 AEST: Daily post generation complete!
Tue 12 Aug 2025 23:29:18 AEST: Starting daily post generation
Tue 12 Aug 2025 23:29:20 AEST: Generating new blog post...
Tue 12 Aug 2025 23:31:01 AEST: API Response: {"success":true,"filename":"is-it-worth-learning-sass-in-2025.md","slug":"is-it-worth-learning-sass-in-2025","url":"/posts/is-it-worth-learning-sass-in-2025","preview":"The Importance of Understanding the JavaScript Event Loop in 2025\n==============================================================\n\nThe JavaScript event loop is a fundamental concept in programming that..."}
Tue 12 Aug 2025 23:31:01 AEST: Daily post generation complete!
Tue 12 Aug 2025 23:35:35 AEST: Starting daily post generation
Tue 12 Aug 2025 23:35:35 AEST: Generating new blog post...
Tue 12 Aug 2025 23:37:07 AEST: API Response: {"success":false,"error":"Failed to generate post"}
Tue 12 Aug 2025 23:37:07 AEST: Daily post generation complete!
Tue 12 Aug 2025 23:38:25 AEST: Starting daily post generation
Tue 12 Aug 2025 23:38:25 AEST: Generating new blog post...
Tue 12 Aug 2025 23:40:30 AEST: API Response: {"success":true,"filename":"is-it-worth-learning-sass-in-2025.md","slug":"is-it-worth-learning-sass-in-2025","url":"/posts/is-it-worth-learning-sass-in-2025","preview":"Title: Is it Worth Learning Sass in 2025? A Technical Blog Post\n\nDate: August 12, 2025\n\nTags: CSS, Sass, front-end development, web design\n\nExcerpt: In this blog post, we will explore the current stat..."}
Tue 12 Aug 2025 23:40:30 AEST: Daily post generation complete!
Tue 12 Aug 2025 23:42:48 AEST: Starting daily post generation
Tue 12 Aug 2025 23:42:48 AEST: Generating new blog post...
Tue 12 Aug 2025 23:45:06 AEST: API Response: {"success":true,"filename":"is-it-worth-learning-sass-in-2025.md","slug":"is-it-worth-learning-sass-in-2025","url":"/posts/is-it-worth-learning-sass-in-2025","preview":"---\ntitle: \"Is it worth learning Sass in 2025?\"\ndate: \"2025-08-12\"\ntags: \"CSS, Front End Development, Sass\"\nexcerpt: \"Discover the benefits and tradeoffs of using Sass for front end development in 202..."}
Tue 12 Aug 2025 23:45:06 AEST: Daily post generation complete!
Wed 13 Aug 2025 22:12:10 AEST: Starting daily post generation
Wed 13 Aug 2025 22:12:10 AEST: Starting Next.js app...
Wed 13 Aug 2025 22:12:30 AEST: Generating new blog post...
Wed 13 Aug 2025 22:15:09 AEST: API Response: {"success":true,"filename":"the-death-of-stack-overflow-how-ai-is-killing-the-developer-.md","slug":"the-death-of-stack-overflow-how-ai-is-killing-the-developer-","url":"/posts/the-death-of-stack-overflow-how-ai-is-killing-the-developer-","preview":"---\ntitle: \"The Death of Stack Overflow: How AI Is Killing the Developer Knowledge Ecosystem\". \ndate: \"2025-08-13\"\ntags: [\"AI\", \"Development\", \"Knowledge Ecosystem\"]\nexcerpt: \"The impact of AI on the ..."}
Wed 13 Aug 2025 22:15:09 AEST: Committing and pushing new post...
Wed 13 Aug 2025 22:15:11 AEST: Successfully pushed to GitHub
Wed 13 Aug 2025 22:15:11 AEST: Daily post generation complete!
